<?xml version="1.0" encoding="UTF-8"?>
<!-- Generated by org.testng.reporters.JUnitXMLReporter -->
<testsuite ignored="0" hostname="DESKTOP-79OBDSS" failures="1" tests="3" name="Test" time="102.857" errors="0" timestamp="08 Aug 2022 03:47:12 GMT">
  <testcase classname="com.iris22a.men.tests.MenTShirtTest" name="verifySearchResultByPopularity" time="30.291"/>
  <testcase classname="com.iris22a.men.tests.ProductTest" name="verifyCategryListForTopwear" time="25.587"/>
  <testcase classname="com.iris22a.men.tests.ProductTest" name="verifySerchResultForPoloMen" time="23.768">
    <failure type="java.lang.AssertionError" message="product title  doesnt contain polo men it contains:- Louis Philippe Sport  expected [true] but found [false]">
      <![CDATA[java.lang.AssertionError: product title  doesnt contain polo men it contains:- Louis Philippe Sport  expected [true] but found [false]
at com.iris22a.men.tests.ProductTest.verifySerchResultForPoloMen(ProductTest.java:39)
... Removed 32 stack frames]]>
    </failure>
  </testcase> <!-- verifySerchResultForPoloMen -->
</testsuite> <!-- Test -->
