<?xml version="1.0" encoding="UTF-8"?>
<testng-results ignored="0" total="3" passed="2" failed="1" skipped="0">
  <reporter-output>
  </reporter-output>
  <suite started-at="2022-08-08T03:45:30Z" name="Suite" finished-at="2022-08-08T03:47:12Z" duration-ms="102857">
    <groups>
    </groups>
    <test started-at="2022-08-08T03:45:30Z" name="Test" finished-at="2022-08-08T03:47:12Z" duration-ms="102857">
      <class name="com.iris22a.men.tests.ProductTest">
        <test-method is-config="true" signature="setUp(java.lang.String)[pri:0, instance:com.iris22a.men.tests.ProductTest@3c0fae6c]" started-at="2022-08-08T03:46:13Z" name="setUp" finished-at="2022-08-08T03:46:16Z" duration-ms="3125" status="PASS">
          <params>
            <param index="0">
              <value is-null="true"/>
            </param>
          </params>
          <reporter-output>
          </reporter-output>
        </test-method> <!-- setUp -->
        <test-method signature="verifyCategryListForTopwear()[pri:0, instance:com.iris22a.men.tests.ProductTest@3c0fae6c]" started-at="2022-08-08T03:46:16Z" name="verifyCategryListForTopwear" finished-at="2022-08-08T03:46:41Z" duration-ms="25587" status="PASS">
          <reporter-output>
          </reporter-output>
        </test-method> <!-- verifyCategryListForTopwear -->
        <test-method is-config="true" signature="tearDown()[pri:0, instance:com.iris22a.men.tests.ProductTest@3c0fae6c]" started-at="2022-08-08T03:46:41Z" name="tearDown" finished-at="2022-08-08T03:46:44Z" duration-ms="2998" status="PASS">
          <reporter-output>
          </reporter-output>
        </test-method> <!-- tearDown -->
        <test-method is-config="true" signature="setUp(java.lang.String)[pri:0, instance:com.iris22a.men.tests.ProductTest@3c0fae6c]" started-at="2022-08-08T03:46:45Z" name="setUp" finished-at="2022-08-08T03:46:48Z" duration-ms="2991" status="PASS">
          <params>
            <param index="0">
              <value is-null="true"/>
            </param>
          </params>
          <reporter-output>
          </reporter-output>
        </test-method> <!-- setUp -->
        <test-method signature="verifySerchResultForPoloMen()[pri:0, instance:com.iris22a.men.tests.ProductTest@3c0fae6c]" started-at="2022-08-08T03:46:48Z" name="verifySerchResultForPoloMen" finished-at="2022-08-08T03:47:11Z" duration-ms="23768" status="FAIL">
          <exception class="java.lang.AssertionError">
            <message>
              <![CDATA[product title  doesnt contain polo men it contains:- Louis Philippe Sport  expected [true] but found [false]]]>
            </message>
            <full-stacktrace>
              <![CDATA[java.lang.AssertionError: product title  doesnt contain polo men it contains:- Louis Philippe Sport  expected [true] but found [false]
at org.testng.Assert.fail(Assert.java:96)
at org.testng.Assert.failNotEquals(Assert.java:776)
at org.testng.Assert.assertTrue(Assert.java:44)
at com.iris22a.men.tests.ProductTest.verifySerchResultForPoloMen(ProductTest.java:39)
at java.base/jdk.internal.reflect.NativeMethodAccessorImpl.invoke0(Native Method)
at java.base/jdk.internal.reflect.NativeMethodAccessorImpl.invoke(NativeMethodAccessorImpl.java:77)
at java.base/jdk.internal.reflect.DelegatingMethodAccessorImpl.invoke(DelegatingMethodAccessorImpl.java:43)
at java.base/java.lang.reflect.Method.invoke(Method.java:568)
at org.testng.internal.MethodInvocationHelper.invokeMethod(MethodInvocationHelper.java:124)
at org.testng.internal.Invoker.invokeMethod(Invoker.java:583)
at org.testng.internal.Invoker.invokeTestMethod(Invoker.java:719)
at org.testng.internal.Invoker.invokeTestMethods(Invoker.java:989)
at org.testng.internal.TestMethodWorker.invokeTestMethods(TestMethodWorker.java:125)
at org.testng.internal.TestMethodWorker.run(TestMethodWorker.java:109)
at org.testng.TestRunner.privateRun(TestRunner.java:648)
at org.testng.TestRunner.run(TestRunner.java:505)
at org.testng.SuiteRunner.runTest(SuiteRunner.java:455)
at org.testng.SuiteRunner.runSequentially(SuiteRunner.java:450)
at org.testng.SuiteRunner.privateRun(SuiteRunner.java:415)
at org.testng.SuiteRunner.run(SuiteRunner.java:364)
at org.testng.SuiteRunnerWorker.runSuite(SuiteRunnerWorker.java:52)
at org.testng.SuiteRunnerWorker.run(SuiteRunnerWorker.java:84)
at org.testng.TestNG.runSuitesSequentially(TestNG.java:1208)
at org.testng.TestNG.runSuitesLocally(TestNG.java:1137)
at org.testng.TestNG.runSuites(TestNG.java:1049)
at org.testng.TestNG.run(TestNG.java:1017)
at org.apache.maven.surefire.testng.TestNGExecutor.run(TestNGExecutor.java:324)
at org.apache.maven.surefire.testng.TestNGXmlTestSuite.execute(TestNGXmlTestSuite.java:74)
at org.apache.maven.surefire.testng.TestNGProvider.invoke(TestNGProvider.java:123)
at org.apache.maven.surefire.booter.ForkedBooter.runSuitesInProcess(ForkedBooter.java:456)
at org.apache.maven.surefire.booter.ForkedBooter.execute(ForkedBooter.java:169)
at org.apache.maven.surefire.booter.ForkedBooter.run(ForkedBooter.java:595)
at org.apache.maven.surefire.booter.ForkedBooter.main(ForkedBooter.java:581)
]]>
            </full-stacktrace>
          </exception> <!-- java.lang.AssertionError -->
          <reporter-output>
          </reporter-output>
        </test-method> <!-- verifySerchResultForPoloMen -->
        <test-method is-config="true" signature="tearDown()[pri:0, instance:com.iris22a.men.tests.ProductTest@3c0fae6c]" started-at="2022-08-08T03:47:11Z" name="tearDown" finished-at="2022-08-08T03:47:12Z" duration-ms="955" status="PASS">
          <reporter-output>
          </reporter-output>
        </test-method> <!-- tearDown -->
      </class> <!-- com.iris22a.men.tests.ProductTest -->
      <class name="com.iris22a.men.tests.MenTShirtTest">
        <test-method is-config="true" signature="setUp(java.lang.String)[pri:0, instance:com.iris22a.men.tests.MenTShirtTest@649725e3]" started-at="2022-08-08T03:45:30Z" name="setUp" finished-at="2022-08-08T03:45:40Z" duration-ms="10810" status="PASS">
          <params>
            <param index="0">
              <value is-null="true"/>
            </param>
          </params>
          <reporter-output>
          </reporter-output>
        </test-method> <!-- setUp -->
        <test-method signature="verifySearchResultByPopularity()[pri:0, instance:com.iris22a.men.tests.MenTShirtTest@649725e3]" started-at="2022-08-08T03:45:41Z" name="verifySearchResultByPopularity" finished-at="2022-08-08T03:46:11Z" duration-ms="30291" status="PASS">
          <reporter-output>
          </reporter-output>
        </test-method> <!-- verifySearchResultByPopularity -->
        <test-method is-config="true" signature="tearDown()[pri:0, instance:com.iris22a.men.tests.MenTShirtTest@649725e3]" started-at="2022-08-08T03:46:11Z" name="tearDown" finished-at="2022-08-08T03:46:13Z" duration-ms="1155" status="PASS">
          <reporter-output>
          </reporter-output>
        </test-method> <!-- tearDown -->
      </class> <!-- com.iris22a.men.tests.MenTShirtTest -->
    </test> <!-- Test -->
  </suite> <!-- Suite -->
</testng-results>
