<?xml version="1.0" encoding="UTF-8"?>
<!-- Generated by org.testng.reporters.JUnitReportReporter -->
<testsuite hostname="DESKTOP-79OBDSS" failures="0" tests="16" name="com.iris22a.cucumbertests.RunnerTest" time="5.318" errors="1" timestamp="08 Aug 2022 03:39:07 GMT" skipped="0">
  <testcase classname="com.iris22a.cucumbertests.RunnerTest" name="runScenario" time="0.149"/>
  <testcase classname="com.iris22a.cucumbertests.RunnerTest" name="runScenario" time="0.156"/>
  <testcase classname="com.iris22a.cucumbertests.RunnerTest" name="runScenario" time="0.056"/>
  <testcase classname="com.iris22a.cucumbertests.RunnerTest" name="runScenario" time="0.058"/>
  <testcase classname="com.iris22a.cucumbertests.RunnerTest" name="runScenario" time="0.162"/>
  <testcase classname="com.iris22a.cucumbertests.RunnerTest" name="runScenario" time="0.017"/>
  <testcase classname="com.iris22a.cucumbertests.RunnerTest" name="runScenario" time="0.037"/>
  <testcase classname="com.iris22a.cucumbertests.RunnerTest" name="runScenario" time="0.048"/>
  <testcase classname="com.iris22a.cucumbertests.RunnerTest" name="runScenario" time="0.467">
    <error message="Cannot invoke &quot;org.openqa.selenium.remote.RemoteWebDriver.get(String)&quot; because &quot;com.iris22a.keyword.UIKeywords.driver&quot; is null" type="java.lang.NullPointerException">
      <![CDATA[java.lang.NullPointerException: Cannot invoke "org.openqa.selenium.remote.RemoteWebDriver.get(String)" because "com.iris22a.keyword.UIKeywords.driver" is null
at com.iris22a.stepdefination.ProductSteps.launMyntraUrl(ProductSteps.java:27)
at âœ½.myntra url should launch.(file:///C:/Users/Lenovo/Desktop/jenkin/JenkinDemo/src/test/resources/Features/Products.feature:7)
]]>
    </error>
  </testcase> <!-- runScenario -->
  <testcase classname="com.iris22a.cucumbertests.RunnerTest" name="runScenario" time="0.035"/>
  <testcase classname="com.iris22a.cucumbertests.RunnerTest" name="runScenario" time="0.616"/>
  <testcase classname="com.iris22a.cucumbertests.RunnerTest" name="runScenario" time="0.263"/>
  <testcase classname="com.iris22a.cucumbertests.RunnerTest" name="runScenario" time="0.077"/>
  <testcase classname="com.iris22a.cucumbertests.RunnerTest" name="runScenario" time="3.070"/>
  <testcase classname="com.iris22a.cucumbertests.RunnerTest" name="runScenario" time="0.053"/>
  <testcase classname="com.iris22a.cucumbertests.RunnerTest" name="runScenario" time="0.054"/>
</testsuite> <!-- com.iris22a.cucumbertests.RunnerTest -->
